<?xml version="1.0" encoding="UTF-8" ?>
<testsuite errors="0" failures="0" hostname="Dani1" name="jvideoclub2.IntegrationTest" tests="10" time="0.955" timestamp="2012-04-22T15:48:49">
  <properties />
  <testcase classname="jvideoclub2.IntegrationTest" name="testPI_BBDD_SOCIO_CrearSocio" time="0.368" />
  <testcase classname="jvideoclub2.IntegrationTest" name="testPI_BBDD_DIST_CrearDistribuidor" time="0.055" />
  <testcase classname="jvideoclub2.IntegrationTest" name="testPI_BBDD_SOCIO_EliminarSocio" time="0.112" />
  <testcase classname="jvideoclub2.IntegrationTest" name="testPI_BBDD_PEL_CrearPelicula" time="0.064" />
  <testcase classname="jvideoclub2.IntegrationTest" name="testPI_DIST_PEL_CrearPelicula" time="0.055" />
  <testcase classname="jvideoclub2.IntegrationTest" name="testPI_BBDD_DIST_EliminarPelicula" time="0.038" />
  <testcase classname="jvideoclub2.IntegrationTest" name="testPI_PEL_SOP_EliminarSoporte" time="0.047" />
  <testcase classname="jvideoclub2.IntegrationTest" name="testPI_BBDD_DIST_EliminarDistribuidorConPeliculaAsociada" time="0.103" />
  <testcase classname="jvideoclub2.IntegrationTest" name="testPI_PEL_SOP_CrearSoporte" time="0.056" />
  <testcase classname="jvideoclub2.IntegrationTest" name="testPI_BBDD_DIST_EliminarDistribuidor" time="0.026" />
  <system-out><![CDATA[--Output from testPI_BBDD_SOCIO_CrearSocio--
--Output from testPI_BBDD_DIST_CrearDistribuidor--
--Output from testPI_BBDD_SOCIO_EliminarSocio--
--Output from testPI_BBDD_PEL_CrearPelicula--
--Output from testPI_DIST_PEL_CrearPelicula--
--Output from testPI_BBDD_DIST_EliminarPelicula--
--Output from testPI_PEL_SOP_EliminarSoporte--
--Output from testPI_BBDD_DIST_EliminarDistribuidorConPeliculaAsociada--
--Output from testPI_PEL_SOP_CrearSoporte--
--Output from testPI_BBDD_DIST_EliminarDistribuidor--
]]></system-out>
  <system-err><![CDATA[--Output from testPI_BBDD_SOCIO_CrearSocio--
--Output from testPI_BBDD_DIST_CrearDistribuidor--
--Output from testPI_BBDD_SOCIO_EliminarSocio--
--Output from testPI_BBDD_PEL_CrearPelicula--
--Output from testPI_DIST_PEL_CrearPelicula--
--Output from testPI_BBDD_DIST_EliminarPelicula--
--Output from testPI_PEL_SOP_EliminarSoporte--
--Output from testPI_BBDD_DIST_EliminarDistribuidorConPeliculaAsociada--
--Output from testPI_PEL_SOP_CrearSoporte--
--Output from testPI_BBDD_DIST_EliminarDistribuidor--
]]></system-err>
</testsuite>
